# JRE version: Java(TM) SE Runtime Environment (24.0.1+9) (build 24.0.1+9-30)
# Java VM: Java HotSpot(TM) 64-Bit Server VM (24.0.1+9-30, mixed mode, sharing, tiered, compressed oops, compressed class ptrs, g1 gc, windows-amd64)
GC Precious Log:
 CardTable entry size: 512
 Card Set container configuration: InlinePtr #cards 5 size 8 Array Of Cards #cards 10 size 36 Howl #buckets 4 coarsen threshold 1843 Howl Bitmap #cards 512 size 80 coarsen threshold 460 Card regions per heap region 1 cards per card region 2048
 CPUs: 8 total, 8 available
 Memory: 8016M
 Large Page Support: Disabled
 NUMA Support: Disabled
 Compressed Oops: Enabled (32-bit)
 Heap Region Size: 1M
 Heap Min Capacity: 8M
 Heap Initial Capacity: 126M
 Heap Max Capacity: 2006M
 Pre-touch: Disabled
 Parallel Workers: 8
 Concurrent Workers: 2
 Concurrent Refinement Workers: 8
 Periodic GC: Disabled
Heap:
 garbage-first heap   total reserved 2054144K, committed 57344K, used 24991K [0x0000000082a00000, 0x0000000100000000)
  region size 1024K, 9 young (9216K), 3 survivors (3072K)
 Metaspace       used 51816K, committed 52288K, reserved 1114112K
  class space    used 5368K, committed 5568K, reserved 1048576K
GC Heap History (20 events):
Event: 10.014 GC heap before
{Heap before GC invocations=5 (full 0):
 garbage-first heap   total reserved 2054144K, committed 40960K, used 39231K [0x0000000082a00000, 0x0000000100000000)
  region size 1024K, 33 young (33792K), 5 survivors (5120K)
 Metaspace       used 23617K, committed 24000K, reserved 1114112K
  class space    used 2340K, committed 2496K, reserved 1048576K
}
Event: 10.030 GC heap after
{Heap after GC invocations=6 (full 0):
 garbage-first heap   total reserved 2054144K, committed 47104K, used 11683K [0x0000000082a00000, 0x0000000100000000)
  region size 1024K, 6 young (6144K), 6 survivors (6144K)
 Metaspace       used 23617K, committed 24000K, reserved 1114112K
  class space    used 2340K, committed 2496K, reserved 1048576K
}
Event: 10.656 GC heap before
{Heap before GC invocations=6 (full 0):
 garbage-first heap   total reserved 2054144K, committed 47104K, used 33187K [0x0000000082a00000, 0x0000000100000000)
  region size 1024K, 27 young (27648K), 6 survivors (6144K)
 Metaspace       used 25171K, committed 25472K, reserved 1114112K
  class space    used 2522K, committed 2624K, reserved 1048576K
}
Event: 10.689 GC heap after
{Heap after GC invocations=7 (full 0):
 garbage-first heap   total reserved 2054144K, committed 47104K, used 13190K [0x0000000082a00000, 0x0000000100000000)
  region size 1024K, 3 young (3072K), 3 survivors (3072K)
 Metaspace       used 25171K, committed 25472K, reserved 1114112K
  class space    used 2522K, committed 2624K, reserved 1048576K
}
Event: 12.024 GC heap before
{Heap before GC invocations=7 (full 0):
 garbage-first heap   total reserved 2054144K, committed 47104K, used 36742K [0x0000000082a00000, 0x0000000100000000)
  region size 1024K, 26 young (26624K), 3 survivors (3072K)
 Metaspace       used 27835K, committed 28224K, reserved 1114112K
  class space    used 2858K, committed 3008K, reserved 1048576K
}
Event: 12.042 GC heap after
{Heap after GC invocations=8 (full 0):
 garbage-first heap   total reserved 2054144K, committed 47104K, used 14233K [0x0000000082a00000, 0x0000000100000000)
  region size 1024K, 3 young (3072K), 3 survivors (3072K)
 Metaspace       used 27835K, committed 28224K, reserved 1114112K
  class space    used 2858K, committed 3008K, reserved 1048576K
}
Event: 12.996 GC heap before
{Heap before GC invocations=8 (full 0):
 garbage-first heap   total reserved 2054144K, committed 47104K, used 37785K [0x0000000082a00000, 0x0000000100000000)
  region size 1024K, 26 young (26624K), 3 survivors (3072K)
 Metaspace       used 30199K, committed 30656K, reserved 1114112K
  class space    used 3113K, committed 3328K, reserved 1048576K
}
Event: 13.001 GC heap after
{Heap after GC invocations=9 (full 0):
 garbage-first heap   total reserved 2054144K, committed 57344K, used 15480K [0x0000000082a00000, 0x0000000100000000)
  region size 1024K, 3 young (3072K), 3 survivors (3072K)
 Metaspace       used 30199K, committed 30656K, reserved 1114112K
  class space    used 3113K, committed 3328K, reserved 1048576K
}
Event: 13.618 GC heap before
{Heap before GC invocations=9 (full 0):
 garbage-first heap   total reserved 2054144K, committed 57344K, used 46200K [0x0000000082a00000, 0x0000000100000000)
  region size 1024K, 33 young (33792K), 3 survivors (3072K)
 Metaspace       used 33678K, committed 34112K, reserved 1114112K
  class space    used 3475K, committed 3648K, reserved 1048576K
}
Event: 13.623 GC heap after
{Heap after GC invocations=10 (full 0):
 garbage-first heap   total reserved 2054144K, committed 57344K, used 16303K [0x0000000082a00000, 0x0000000100000000)
  region size 1024K, 4 young (4096K), 4 survivors (4096K)
 Metaspace       used 33678K, committed 34112K, reserved 1114112K
  class space    used 3475K, committed 3648K, reserved 1048576K
}
Event: 13.989 GC heap before
{Heap before GC invocations=10 (full 0):
 garbage-first heap   total reserved 2054144K, committed 57344K, used 30639K [0x0000000082a00000, 0x0000000100000000)
  region size 1024K, 19 young (19456K), 4 survivors (4096K)
 Metaspace       used 35529K, committed 35968K, reserved 1114112K
  class space    used 3684K, committed 3904K, reserved 1048576K
}
Event: 13.995 GC heap after
{Heap after GC invocations=11 (full 0):
 garbage-first heap   total reserved 2054144K, committed 57344K, used 16694K [0x0000000082a00000, 0x0000000100000000)
  region size 1024K, 3 young (3072K), 3 survivors (3072K)
 Metaspace       used 35529K, committed 35968K, reserved 1114112K
  class space    used 3684K, committed 3904K, reserved 1048576K
}
Event: 14.668 GC heap before
{Heap before GC invocations=12 (full 0):
 garbage-first heap   total reserved 2054144K, committed 57344K, used 47414K [0x0000000082a00000, 0x0000000100000000)
  region size 1024K, 33 young (33792K), 3 survivors (3072K)
 Metaspace       used 39137K, committed 39552K, reserved 1114112K
  class space    used 4058K, committed 4224K, reserved 1048576K
}
Event: 14.674 GC heap after
{Heap after GC invocations=13 (full 0):
 garbage-first heap   total reserved 2054144K, committed 57344K, used 17486K [0x0000000082a00000, 0x0000000100000000)
  region size 1024K, 4 young (4096K), 4 survivors (4096K)
 Metaspace       used 39137K, committed 39552K, reserved 1114112K
  class space    used 4058K, committed 4224K, reserved 1048576K
}
Event: 15.338 GC heap before
{Heap before GC invocations=13 (full 0):
 garbage-first heap   total reserved 2054144K, committed 57344K, used 47182K [0x0000000082a00000, 0x0000000100000000)
  region size 1024K, 33 young (33792K), 4 survivors (4096K)
 Metaspace       used 42239K, committed 42688K, reserved 1114112K
  class space    used 4377K, committed 4544K, reserved 1048576K
}
Event: 15.346 GC heap after
{Heap after GC invocations=14 (full 0):
 garbage-first heap   total reserved 2054144K, committed 57344K, used 18406K [0x0000000082a00000, 0x0000000100000000)
  region size 1024K, 4 young (4096K), 4 survivors (4096K)
 Metaspace       used 42239K, committed 42688K, reserved 1114112K
  class space    used 4377K, committed 4544K, reserved 1048576K
}
Event: 16.517 GC heap before
{Heap before GC invocations=14 (full 0):
 garbage-first heap   total reserved 2054144K, committed 57344K, used 48102K [0x0000000082a00000, 0x0000000100000000)
  region size 1024K, 33 young (33792K), 4 survivors (4096K)
 Metaspace       used 46007K, committed 46464K, reserved 1114112K
  class space    used 4714K, committed 4928K, reserved 1048576K
}
Event: 16.523 GC heap after
{Heap after GC invocations=15 (full 0):
 garbage-first heap   total reserved 2054144K, committed 57344K, used 19348K [0x0000000082a00000, 0x0000000100000000)
  region size 1024K, 4 young (4096K), 4 survivors (4096K)
 Metaspace       used 46007K, committed 46464K, reserved 1114112K
  class space    used 4714K, committed 4928K, reserved 1048576K
}
Event: 17.530 GC heap before
{Heap before GC invocations=15 (full 0):
 garbage-first heap   total reserved 2054144K, committed 57344K, used 48020K [0x0000000082a00000, 0x0000000100000000)
  region size 1024K, 32 young (32768K), 4 survivors (4096K)
 Metaspace       used 51126K, committed 51584K, reserved 1114112K
  class space    used 5265K, committed 5440K, reserved 1048576K
}
Event: 17.536 GC heap after
{Heap after GC invocations=16 (full 0):
 garbage-first heap   total reserved 2054144K, committed 57344K, used 19871K [0x0000000082a00000, 0x0000000100000000)
  region size 1024K, 3 young (3072K), 3 survivors (3072K)
 Metaspace       used 51126K, committed 51584K, reserved 1114112K
  class space    used 5265K, committed 5440K, reserved 1048576K
}

