# JRE version: Java(TM) SE Runtime Environment (19.0.2+7) (build 19.0.2+7-44)
# Java VM: Java HotSpot(TM) 64-Bit Server VM (19.0.2+7-44, mixed mode, emulated-client, sharing, tiered, compressed oops, compressed class ptrs, g1 gc, windows-amd64)
GC Precious Log:
 CardTable entry size: 512
 Card Set container configuration: InlinePtr #cards 5 size 8 Array Of Cards #cards 12 size 40 Howl #buckets 4 coarsen threshold 1843 Howl Bitmap #cards 512 size 80 coarsen threshold 460 Card regions per heap region 1 cards per card region 2048
 CPUs: 8 total, 8 available
 Memory: 8016M
 Large Page Support: Disabled
 NUMA Support: Disabled
 Compressed Oops: Enabled (32-bit)
 Heap Region Size: 1M
 Heap Min Capacity: 8M
 Heap Initial Capacity: 126M
 Heap Max Capacity: 2006M
 Pre-touch: Disabled
 Parallel Workers: 8
 Concurrent Workers: 2
 Concurrent Refinement Workers: 8
 Periodic GC: Disabled
Heap:
 garbage-first heap   total 144384K, used 46963K [0x0000000082a00000, 0x0000000100000000)
  region size 1024K, 6 young (6144K), 6 survivors (6144K)
 Metaspace       used 62426K, committed 63168K, reserved 1114112K
  class space    used 8935K, committed 9280K, reserved 1048576K
GC Heap History (20 events):
Event: 17.229 GC heap after
{Heap after GC invocations=14 (full 0):
 garbage-first heap   total 58368K, used 28750K [0x0000000082a00000, 0x0000000100000000)
  region size 1024K, 3 young (3072K), 3 survivors (3072K)
 Metaspace       used 59074K, committed 59776K, reserved 1114112K
  class space    used 8301K, committed 8640K, reserved 1048576K
}
Event: 17.319 GC heap before
{Heap before GC invocations=14 (full 0):
 garbage-first heap   total 58368K, used 45134K [0x0000000082a00000, 0x0000000100000000)
  region size 1024K, 19 young (19456K), 3 survivors (3072K)
 Metaspace       used 59078K, committed 59776K, reserved 1114112K
  class space    used 8301K, committed 8640K, reserved 1048576K
}
Event: 17.323 GC heap after
{Heap after GC invocations=15 (full 0):
 garbage-first heap   total 58368K, used 30777K [0x0000000082a00000, 0x0000000100000000)
  region size 1024K, 3 young (3072K), 3 survivors (3072K)
 Metaspace       used 59078K, committed 59776K, reserved 1114112K
  class space    used 8301K, committed 8640K, reserved 1048576K
}
Event: 17.469 GC heap before
{Heap before GC invocations=16 (full 0):
 garbage-first heap   total 61440K, used 44089K [0x0000000082a00000, 0x0000000100000000)
  region size 1024K, 16 young (16384K), 3 survivors (3072K)
 Metaspace       used 59079K, committed 59776K, reserved 1114112K
  class space    used 8301K, committed 8640K, reserved 1048576K
}
Event: 17.474 GC heap after
{Heap after GC invocations=17 (full 0):
 garbage-first heap   total 61440K, used 31835K [0x0000000082a00000, 0x0000000100000000)
  region size 1024K, 1 young (1024K), 1 survivors (1024K)
 Metaspace       used 59079K, committed 59776K, reserved 1114112K
  class space    used 8301K, committed 8640K, reserved 1048576K
}
Event: 17.497 GC heap before
{Heap before GC invocations=17 (full 0):
 garbage-first heap   total 61440K, used 33883K [0x0000000082a00000, 0x0000000100000000)
  region size 1024K, 3 young (3072K), 1 survivors (1024K)
 Metaspace       used 59079K, committed 59776K, reserved 1114112K
  class space    used 8301K, committed 8640K, reserved 1048576K
}
Event: 17.501 GC heap after
{Heap after GC invocations=18 (full 0):
 garbage-first heap   total 61440K, used 31855K [0x0000000082a00000, 0x0000000100000000)
  region size 1024K, 1 young (1024K), 1 survivors (1024K)
 Metaspace       used 59079K, committed 59776K, reserved 1114112K
  class space    used 8301K, committed 8640K, reserved 1048576K
}
Event: 17.988 GC heap before
{Heap before GC invocations=18 (full 0):
 garbage-first heap   total 61440K, used 46191K [0x0000000082a00000, 0x0000000100000000)
  region size 1024K, 16 young (16384K), 1 survivors (1024K)
 Metaspace       used 60471K, committed 61184K, reserved 1114112K
  class space    used 8672K, committed 9024K, reserved 1048576K
}
Event: 17.992 GC heap after
{Heap after GC invocations=19 (full 0):
 garbage-first heap   total 61440K, used 35517K [0x0000000082a00000, 0x0000000100000000)
  region size 1024K, 2 young (2048K), 2 survivors (2048K)
 Metaspace       used 60471K, committed 61184K, reserved 1114112K
  class space    used 8672K, committed 9024K, reserved 1048576K
}
Event: 18.081 GC heap before
{Heap before GC invocations=19 (full 0):
 garbage-first heap   total 73728K, used 46781K [0x0000000082a00000, 0x0000000100000000)
  region size 1024K, 14 young (14336K), 2 survivors (2048K)
 Metaspace       used 60474K, committed 61184K, reserved 1114112K
  class space    used 8672K, committed 9024K, reserved 1048576K
}
Event: 18.086 GC heap after
{Heap after GC invocations=20 (full 0):
 garbage-first heap   total 73728K, used 34912K [0x0000000082a00000, 0x0000000100000000)
  region size 1024K, 1 young (1024K), 1 survivors (1024K)
 Metaspace       used 60474K, committed 61184K, reserved 1114112K
  class space    used 8672K, committed 9024K, reserved 1048576K
}
Event: 18.236 GC heap before
{Heap before GC invocations=21 (full 0):
 garbage-first heap   total 73728K, used 56416K [0x0000000082a00000, 0x0000000100000000)
  region size 1024K, 22 young (22528K), 1 survivors (1024K)
 Metaspace       used 60477K, committed 61248K, reserved 1114112K
  class space    used 8672K, committed 9024K, reserved 1048576K
}
Event: 18.241 GC heap after
{Heap after GC invocations=22 (full 0):
 garbage-first heap   total 144384K, used 36920K [0x0000000082a00000, 0x0000000100000000)
  region size 1024K, 3 young (3072K), 3 survivors (3072K)
 Metaspace       used 60477K, committed 61248K, reserved 1114112K
  class space    used 8672K, committed 9024K, reserved 1048576K
}
Event: 18.275 GC heap before
{Heap before GC invocations=22 (full 0):
 garbage-first heap   total 144384K, used 41016K [0x0000000082a00000, 0x0000000100000000)
  region size 1024K, 7 young (7168K), 3 survivors (3072K)
 Metaspace       used 60477K, committed 61248K, reserved 1114112K
  class space    used 8672K, committed 9024K, reserved 1048576K
}
Event: 18.281 GC heap after
{Heap after GC invocations=23 (full 0):
 garbage-first heap   total 144384K, used 37622K [0x0000000082a00000, 0x0000000100000000)
  region size 1024K, 1 young (1024K), 1 survivors (1024K)
 Metaspace       used 60477K, committed 61248K, reserved 1114112K
  class space    used 8672K, committed 9024K, reserved 1048576K
}
Event: 18.988 GC heap before
{Heap before GC invocations=23 (full 0):
 garbage-first heap   total 144384K, used 110326K [0x0000000082a00000, 0x0000000100000000)
  region size 1024K, 73 young (74752K), 1 survivors (1024K)
 Metaspace       used 62217K, committed 62912K, reserved 1114112K
  class space    used 8890K, committed 9216K, reserved 1048576K
}
Event: 18.996 GC heap after
{Heap after GC invocations=24 (full 0):
 garbage-first heap   total 144384K, used 44303K [0x0000000082a00000, 0x0000000100000000)
  region size 1024K, 8 young (8192K), 8 survivors (8192K)
 Metaspace       used 62217K, committed 62912K, reserved 1114112K
  class space    used 8890K, committed 9216K, reserved 1048576K
}
Event: 19.268 GC heap before
{Heap before GC invocations=24 (full 0):
 garbage-first heap   total 144384K, used 110863K [0x0000000082a00000, 0x0000000100000000)
  region size 1024K, 73 young (74752K), 8 survivors (8192K)
 Metaspace       used 62420K, committed 63168K, reserved 1114112K
  class space    used 8935K, committed 9280K, reserved 1048576K
}
Event: 19.278 GC heap after
{Heap after GC invocations=25 (full 0):
 garbage-first heap   total 144384K, used 46732K [0x0000000082a00000, 0x0000000100000000)
  region size 1024K, 7 young (7168K), 7 survivors (7168K)
 Metaspace       used 62420K, committed 63168K, reserved 1114112K
  class space    used 8935K, committed 9280K, reserved 1048576K
}
Event: 19.595 GC heap before
{Heap before GC invocations=25 (full 0):
 garbage-first heap   total 144384K, used 111244K [0x0000000082a00000, 0x0000000100000000)
  region size 1024K, 70 young (71680K), 7 survivors (7168K)
 Metaspace       used 62426K, committed 63168K, reserved 1114112K
  class space    used 8935K, committed 9280K, reserved 1048576K
}

